<?xml version="1.0" encoding="UTF-8"?>
<!-- Generated by org.testng.reporters.JUnitXMLReporter -->
<testsuite ignored="0" hostname="LAPTOP-VFKJ2SC9" failures="0" tests="4" name="Test" time="75.747" errors="0" timestamp="2022-06-26T04:24:33 IST">
  <testcase classname="Academy.AppTest" name="VerifyFirstFeaturedCourse" time="0.158"/>
  <testcase classname="Academy.Title" name="title" time="0.273"/>
  <testcase classname="Academy.HomePage" name="home" time="22.082"/>
  <testcase classname="Academy.HomePage" name="home" time="16.086"/>
</testsuite> <!-- Test -->
