<?xml version="1.0" encoding="UTF-8"?>
<!-- Generated by org.testng.reporters.JUnitXMLReporter -->
<testsuite ignored="0" hostname="LAPTOP-VFKJ2SC9" failures="1" tests="1" name="Validation title of the page" time="69.344" errors="0" timestamp="2022-06-27T01:56:14 IST">
  <testcase classname="Academy.Title" name="title" time="0.277">
    <failure type="java.lang.AssertionError" message="expected [FEATURE122D COURSES] but found [FEATURED COURSES]">
      <![CDATA[java.lang.AssertionError: expected [FEATURE122D COURSES] but found [FEATURED COURSES]
at Academy.Title.title(Title.java:32)
at java.base/java.util.ArrayList.forEach(ArrayList.java:1511)
at java.base/java.util.concurrent.FutureTask.run(FutureTask.java:264)
at java.base/java.util.concurrent.ThreadPoolExecutor.runWorker(ThreadPoolExecutor.java:1136)
at java.base/java.util.concurrent.ThreadPoolExecutor$Worker.run(ThreadPoolExecutor.java:635)
at java.base/java.lang.Thread.run(Thread.java:833)
... Removed 21 stack frames]]>
    </failure>
  </testcase> <!-- title -->
</testsuite> <!-- Validation title of the page -->
