-------------------------------------------------------------------------------
Test set: TestSuite
-------------------------------------------------------------------------------
Tests run: 4, Failures: 1, Errors: 0, Skipped: 0, Time elapsed: 88.375 s <<< FAILURE! - in TestSuite
title(Academy.Title)  Time elapsed: 2.979 s  <<< FAILURE!
java.lang.AssertionError: expected [FEATURE122D COURSES] but found [FEATURED COURSES]
	at Academy.Title.title(Title.java:32)

