<?xml version="1.0" encoding="UTF-8"?>
<testng-results ignored="0" total="1" passed="1" failed="0" skipped="0">
  <reporter-output>
  </reporter-output>
  <suite started-at="2022-06-27T14:26:36 IST" name="Default suite" finished-at="2022-06-27T14:27:11 IST" duration-ms="34756">
    <groups>
    </groups>
    <test started-at="2022-06-27T14:26:36 IST" name="Default test" finished-at="2022-06-27T14:27:11 IST" duration-ms="34756">
      <class name="Academy.ForgotPassword">
        <test-method is-config="true" signature="intialize()[pri:0, instance:Academy.ForgotPassword@2ed2d9cb]" started-at="2022-06-27T14:26:36 IST" name="intialize" finished-at="2022-06-27T14:27:09 IST" duration-ms="33099" status="PASS">
          <reporter-output>
          </reporter-output>
        </test-method> <!-- intialize -->
        <test-method signature="ForgotPassword()[pri:0, instance:Academy.ForgotPassword@2ed2d9cb]" started-at="2022-06-27T14:27:09 IST" name="ForgotPassword" finished-at="2022-06-27T14:27:10 IST" duration-ms="1333" status="PASS">
          <reporter-output>
          </reporter-output>
        </test-method> <!-- ForgotPassword -->
        <test-method is-config="true" signature="teardown()[pri:0, instance:Academy.ForgotPassword@2ed2d9cb]" started-at="2022-06-27T14:27:10 IST" name="teardown" finished-at="2022-06-27T14:27:11 IST" duration-ms="263" status="PASS">
          <reporter-output>
          </reporter-output>
        </test-method> <!-- teardown -->
      </class> <!-- Academy.ForgotPassword -->
    </test> <!-- Default test -->
  </suite> <!-- Default suite -->
</testng-results>
